mode: set
github.com/salmaqnsGH/unit-test/prime/main.go:12.13,30.2 6 0
github.com/salmaqnsGH/unit-test/prime/main.go:32.54,35.6 2 1
github.com/salmaqnsGH/unit-test/prime/main.go:35.6,38.11 2 1
github.com/salmaqnsGH/unit-test/prime/main.go:43.3,44.11 2 1
github.com/salmaqnsGH/unit-test/prime/main.go:38.11,41.4 2 1
github.com/salmaqnsGH/unit-test/prime/main.go:48.58,53.44 2 1
github.com/salmaqnsGH/unit-test/prime/main.go:58.2,59.16 2 1
github.com/salmaqnsGH/unit-test/prime/main.go:63.2,65.19 2 1
github.com/salmaqnsGH/unit-test/prime/main.go:53.44,55.3 1 1
github.com/salmaqnsGH/unit-test/prime/main.go:59.16,61.3 1 1
github.com/salmaqnsGH/unit-test/prime/main.go:68.36,69.22 1 1
github.com/salmaqnsGH/unit-test/prime/main.go:73.2,73.11 1 1
github.com/salmaqnsGH/unit-test/prime/main.go:77.2,77.28 1 1
github.com/salmaqnsGH/unit-test/prime/main.go:83.2,83.51 1 1
github.com/salmaqnsGH/unit-test/prime/main.go:69.22,71.3 1 1
github.com/salmaqnsGH/unit-test/prime/main.go:73.11,75.3 1 1
github.com/salmaqnsGH/unit-test/prime/main.go:77.28,78.15 1 1
github.com/salmaqnsGH/unit-test/prime/main.go:78.15,80.4 1 1
github.com/salmaqnsGH/unit-test/prime/main.go:86.14,91.2 4 1
github.com/salmaqnsGH/unit-test/prime/main.go:93.15,95.2 1 1
