mode: set
github.com/salmaqnsGH/unit-test/web-app/cmd/web/forms.go:10.42,12.26 2 1
github.com/salmaqnsGH/unit-test/web-app/cmd/web/forms.go:16.2,16.22 1 1
github.com/salmaqnsGH/unit-test/web-app/cmd/web/forms.go:12.26,14.3 1 1
github.com/salmaqnsGH/unit-test/web-app/cmd/web/forms.go:19.44,21.2 1 1
github.com/salmaqnsGH/unit-test/web-app/cmd/web/forms.go:28.37,33.2 1 1
github.com/salmaqnsGH/unit-test/web-app/cmd/web/forms.go:35.39,37.2 1 1
github.com/salmaqnsGH/unit-test/web-app/cmd/web/forms.go:39.43,40.31 1 1
github.com/salmaqnsGH/unit-test/web-app/cmd/web/forms.go:40.31,42.37 2 1
github.com/salmaqnsGH/unit-test/web-app/cmd/web/forms.go:42.37,44.4 1 1
github.com/salmaqnsGH/unit-test/web-app/cmd/web/forms.go:48.52,49.9 1 1
github.com/salmaqnsGH/unit-test/web-app/cmd/web/forms.go:49.9,51.3 1 1
github.com/salmaqnsGH/unit-test/web-app/cmd/web/forms.go:54.29,56.2 1 1
github.com/salmaqnsGH/unit-test/web-app/cmd/web/handlers.go:13.70,15.2 1 1
github.com/salmaqnsGH/unit-test/web-app/cmd/web/handlers.go:22.108,25.16 2 1
github.com/salmaqnsGH/unit-test/web-app/cmd/web/handlers.go:30.2,34.16 3 1
github.com/salmaqnsGH/unit-test/web-app/cmd/web/handlers.go:38.2,38.12 1 1
github.com/salmaqnsGH/unit-test/web-app/cmd/web/handlers.go:25.16,28.3 2 0
github.com/salmaqnsGH/unit-test/web-app/cmd/web/handlers.go:34.16,36.3 1 0
github.com/salmaqnsGH/unit-test/web-app/cmd/web/handlers.go:41.71,43.16 2 0
github.com/salmaqnsGH/unit-test/web-app/cmd/web/handlers.go:49.2,54.22 4 0
github.com/salmaqnsGH/unit-test/web-app/cmd/web/handlers.go:43.16,47.3 3 0
github.com/salmaqnsGH/unit-test/web-app/cmd/web/main.go:10.13,22.16 5 0
github.com/salmaqnsGH/unit-test/web-app/cmd/web/main.go:22.16,24.3 1 0
github.com/salmaqnsGH/unit-test/web-app/cmd/web/middleware.go:14.67,16.2 1 1
github.com/salmaqnsGH/unit-test/web-app/cmd/web/middleware.go:18.72,19.71 1 1
github.com/salmaqnsGH/unit-test/web-app/cmd/web/middleware.go:19.71,23.17 3 1
github.com/salmaqnsGH/unit-test/web-app/cmd/web/middleware.go:34.3,34.40 1 1
github.com/salmaqnsGH/unit-test/web-app/cmd/web/middleware.go:23.17,25.20 2 1
github.com/salmaqnsGH/unit-test/web-app/cmd/web/middleware.go:29.4,29.60 1 1
github.com/salmaqnsGH/unit-test/web-app/cmd/web/middleware.go:25.20,27.5 1 1
github.com/salmaqnsGH/unit-test/web-app/cmd/web/middleware.go:30.9,32.4 1 1
github.com/salmaqnsGH/unit-test/web-app/cmd/web/middleware.go:38.45,40.16 2 1
github.com/salmaqnsGH/unit-test/web-app/cmd/web/middleware.go:44.2,45.19 2 1
github.com/salmaqnsGH/unit-test/web-app/cmd/web/middleware.go:49.2,50.22 2 1
github.com/salmaqnsGH/unit-test/web-app/cmd/web/middleware.go:54.2,54.16 1 1
github.com/salmaqnsGH/unit-test/web-app/cmd/web/middleware.go:40.16,42.3 1 1
github.com/salmaqnsGH/unit-test/web-app/cmd/web/middleware.go:45.19,47.3 1 1
github.com/salmaqnsGH/unit-test/web-app/cmd/web/middleware.go:50.22,52.3 1 1
github.com/salmaqnsGH/unit-test/web-app/cmd/web/routes.go:10.47,26.2 8 1
